<?xml version="1.0" encoding="UTF-8"?>
<testng-results ignored="0" total="1" passed="1" failed="0" skipped="0">
  <reporter-output>
  </reporter-output>
  <suite started-at="2023-08-30T08:11:56 IST" name="Default suite" finished-at="2023-08-30T08:12:05 IST" duration-ms="8276">
    <groups>
    </groups>
    <test started-at="2023-08-30T08:11:56 IST" name="Default test" finished-at="2023-08-30T08:12:05 IST" duration-ms="8276">
      <class name="simplepro.Simpleclasstest">
        <test-method signature="m2()[pri:0, instance:simplepro.Simpleclasstest@14cd1699]" started-at="2023-08-30T08:11:56 IST" name="m2" finished-at="2023-08-30T08:12:05 IST" duration-ms="8211" status="PASS">
          <reporter-output>
          </reporter-output>
        </test-method> <!-- m2 -->
      </class> <!-- simplepro.Simpleclasstest -->
    </test> <!-- Default test -->
  </suite> <!-- Default suite -->
</testng-results>
